<?xml version="1.0" encoding="UTF-8"?>
<!-- Generated by org.testng.reporters.JUnitXMLReporter -->
<testsuite ignored="0" hostname="MSI" failures="0" tests="3" name="Default test" time="3.451" errors="0" timestamp="2024-12-14T22:14:48 IST">
  <testcase classname="Api.Automation.project2validationStatusCode" name="getRequest" time="2.641"/>
  <testcase classname="Api.Automation.project2validationStatusCode" name="postRequest" time="0.543"/>
  <testcase classname="Api.Automation.project2validationStatusCode" name="test" time="0.208"/>
</testsuite> <!-- Default test -->
