<?xml version="1.0" encoding="UTF-8"?>
<!-- Generated by org.testng.reporters.JUnitXMLReporter -->
<testsuite ignored="0" hostname="MSI" failures="0" tests="4" name="Default test" time="6.699" errors="0" timestamp="2024-12-13T20:49:05 IST">
  <testcase classname="Api.Automation.AppTest" name="createAnEmployee" time="3.544"/>
  <testcase classname="Api.Automation.AppTest" name="deleteEmployee" time="0.965"/>
  <testcase classname="Api.Automation.AppTest" name="fetchAllEmployeeData" time="1.084"/>
  <testcase classname="Api.Automation.AppTest" name="fetchAllEmployeeDataByID" time="1.044"/>
</testsuite> <!-- Default test -->
