<?xml version="1.0" encoding="UTF-8"?>
<testng-results ignored="0" total="3" passed="3" failed="0" skipped="0">
  <reporter-output>
  </reporter-output>
  <suite started-at="2024-12-14T22:14:45 IST" name="Default suite" finished-at="2024-12-14T22:14:48 IST" duration-ms="3451">
    <groups>
    </groups>
    <test started-at="2024-12-14T22:14:45 IST" name="Default test" finished-at="2024-12-14T22:14:48 IST" duration-ms="3451">
      <class name="Api.Automation.project2validationStatusCode">
        <test-method signature="getRequest()[pri:0, instance:Api.Automation.project2validationStatusCode@65a15628]" started-at="2024-12-14T22:14:45 IST" name="getRequest" finished-at="2024-12-14T22:14:48 IST" duration-ms="2641" status="PASS">
          <reporter-output>
          </reporter-output>
        </test-method> <!-- getRequest -->
        <test-method signature="postRequest()[pri:0, instance:Api.Automation.project2validationStatusCode@65a15628]" started-at="2024-12-14T22:14:48 IST" name="postRequest" finished-at="2024-12-14T22:14:48 IST" duration-ms="543" status="PASS">
          <reporter-output>
          </reporter-output>
        </test-method> <!-- postRequest -->
        <test-method signature="test()[pri:0, instance:Api.Automation.project2validationStatusCode@65a15628]" started-at="2024-12-14T22:14:48 IST" name="test" finished-at="2024-12-14T22:14:48 IST" duration-ms="208" status="PASS">
          <reporter-output>
          </reporter-output>
        </test-method> <!-- test -->
      </class> <!-- Api.Automation.project2validationStatusCode -->
    </test> <!-- Default test -->
  </suite> <!-- Default suite -->
</testng-results>
